  main.cpp
  Map.cpp
C:\Users\jonat\OneDrive\Documents\GitHub\J.P.CPlusPlus-Bonus-Project\Bonus Project (SWAT BOMB SQUAD)\S.W.A.T. (Bomb Squad)\Map.cpp(377,18): warning C4129: '_': unrecognized character escape sequence
C:\Users\jonat\OneDrive\Documents\GitHub\J.P.CPlusPlus-Bonus-Project\Bonus Project (SWAT BOMB SQUAD)\S.W.A.T. (Bomb Squad)\Map.cpp(401,18): warning C4129: '_': unrecognized character escape sequence
C:\Users\jonat\OneDrive\Documents\GitHub\J.P.CPlusPlus-Bonus-Project\Bonus Project (SWAT BOMB SQUAD)\S.W.A.T. (Bomb Squad)\Map.cpp(426,17): warning C4129: '_': unrecognized character escape sequence
C:\Users\jonat\OneDrive\Documents\GitHub\J.P.CPlusPlus-Bonus-Project\Bonus Project (SWAT BOMB SQUAD)\S.W.A.T. (Bomb Squad)\Map.cpp(451,17): warning C4129: '_': unrecognized character escape sequence
C:\Users\jonat\OneDrive\Documents\GitHub\J.P.CPlusPlus-Bonus-Project\Bonus Project (SWAT BOMB SQUAD)\S.W.A.T. (Bomb Squad)\Map.cpp(476,16): warning C4129: '_': unrecognized character escape sequence
C:\Users\jonat\OneDrive\Documents\GitHub\J.P.CPlusPlus-Bonus-Project\Bonus Project (SWAT BOMB SQUAD)\S.W.A.T. (Bomb Squad)\Map.cpp(590,18): warning C4129: '_': unrecognized character escape sequence
C:\Users\jonat\OneDrive\Documents\GitHub\J.P.CPlusPlus-Bonus-Project\Bonus Project (SWAT BOMB SQUAD)\S.W.A.T. (Bomb Squad)\Map.cpp(614,18): warning C4129: '_': unrecognized character escape sequence
C:\Users\jonat\OneDrive\Documents\GitHub\J.P.CPlusPlus-Bonus-Project\Bonus Project (SWAT BOMB SQUAD)\S.W.A.T. (Bomb Squad)\Map.cpp(639,17): warning C4129: '_': unrecognized character escape sequence
C:\Users\jonat\OneDrive\Documents\GitHub\J.P.CPlusPlus-Bonus-Project\Bonus Project (SWAT BOMB SQUAD)\S.W.A.T. (Bomb Squad)\Map.cpp(664,16): warning C4129: '_': unrecognized character escape sequence
C:\Users\jonat\OneDrive\Documents\GitHub\J.P.CPlusPlus-Bonus-Project\Bonus Project (SWAT BOMB SQUAD)\S.W.A.T. (Bomb Squad)\Map.cpp(689,15): warning C4129: '_': unrecognized character escape sequence
C:\Users\jonat\OneDrive\Documents\GitHub\J.P.CPlusPlus-Bonus-Project\Bonus Project (SWAT BOMB SQUAD)\S.W.A.T. (Bomb Squad)\Map.cpp(803,18): warning C4129: '_': unrecognized character escape sequence
C:\Users\jonat\OneDrive\Documents\GitHub\J.P.CPlusPlus-Bonus-Project\Bonus Project (SWAT BOMB SQUAD)\S.W.A.T. (Bomb Squad)\Map.cpp(827,18): warning C4129: '_': unrecognized character escape sequence
C:\Users\jonat\OneDrive\Documents\GitHub\J.P.CPlusPlus-Bonus-Project\Bonus Project (SWAT BOMB SQUAD)\S.W.A.T. (Bomb Squad)\Map.cpp(852,17): warning C4129: '_': unrecognized character escape sequence
C:\Users\jonat\OneDrive\Documents\GitHub\J.P.CPlusPlus-Bonus-Project\Bonus Project (SWAT BOMB SQUAD)\S.W.A.T. (Bomb Squad)\Map.cpp(877,16): warning C4129: '_': unrecognized character escape sequence
C:\Users\jonat\OneDrive\Documents\GitHub\J.P.CPlusPlus-Bonus-Project\Bonus Project (SWAT BOMB SQUAD)\S.W.A.T. (Bomb Squad)\Map.cpp(902,15): warning C4129: '_': unrecognized character escape sequence
C:\Users\jonat\OneDrive\Documents\GitHub\J.P.CPlusPlus-Bonus-Project\Bonus Project (SWAT BOMB SQUAD)\S.W.A.T. (Bomb Squad)\Map.cpp(1016,18): warning C4129: '_': unrecognized character escape sequence
C:\Users\jonat\OneDrive\Documents\GitHub\J.P.CPlusPlus-Bonus-Project\Bonus Project (SWAT BOMB SQUAD)\S.W.A.T. (Bomb Squad)\Map.cpp(1040,18): warning C4129: '_': unrecognized character escape sequence
C:\Users\jonat\OneDrive\Documents\GitHub\J.P.CPlusPlus-Bonus-Project\Bonus Project (SWAT BOMB SQUAD)\S.W.A.T. (Bomb Squad)\Map.cpp(1065,17): warning C4129: '_': unrecognized character escape sequence
C:\Users\jonat\OneDrive\Documents\GitHub\J.P.CPlusPlus-Bonus-Project\Bonus Project (SWAT BOMB SQUAD)\S.W.A.T. (Bomb Squad)\Map.cpp(1090,16): warning C4129: '_': unrecognized character escape sequence
C:\Users\jonat\OneDrive\Documents\GitHub\J.P.CPlusPlus-Bonus-Project\Bonus Project (SWAT BOMB SQUAD)\S.W.A.T. (Bomb Squad)\Map.cpp(1115,15): warning C4129: '_': unrecognized character escape sequence
C:\Users\jonat\OneDrive\Documents\GitHub\J.P.CPlusPlus-Bonus-Project\Bonus Project (SWAT BOMB SQUAD)\S.W.A.T. (Bomb Squad)\Map.cpp(1224,19): warning C4129: '_': unrecognized character escape sequence
C:\Users\jonat\OneDrive\Documents\GitHub\J.P.CPlusPlus-Bonus-Project\Bonus Project (SWAT BOMB SQUAD)\S.W.A.T. (Bomb Squad)\Map.cpp(1248,19): warning C4129: '_': unrecognized character escape sequence
C:\Users\jonat\OneDrive\Documents\GitHub\J.P.CPlusPlus-Bonus-Project\Bonus Project (SWAT BOMB SQUAD)\S.W.A.T. (Bomb Squad)\Map.cpp(1273,18): warning C4129: '_': unrecognized character escape sequence
C:\Users\jonat\OneDrive\Documents\GitHub\J.P.CPlusPlus-Bonus-Project\Bonus Project (SWAT BOMB SQUAD)\S.W.A.T. (Bomb Squad)\Map.cpp(1298,17): warning C4129: '_': unrecognized character escape sequence
  Generating Code...
C:\Users\jonat\OneDrive\Documents\GitHub\J.P.CPlusPlus-Bonus-Project\Bonus Project (SWAT BOMB SQUAD)\S.W.A.T. (Bomb Squad)\Map.cpp(1323,16): warning C4129: '_': unrecognized character escape sequence
  S.W.A.T. (Bomb Squad).vcxproj -> C:\Users\jonat\OneDrive\Documents\GitHub\J.P.CPlusPlus-Bonus-Project\Bonus Project (SWAT BOMB SQUAD)\S.W.A.T. (Bomb Squad)\Debug\S.W.A.T. (Bomb Squad).exe
